<?xml version="1.0" encoding="UTF-8"?>
<!-- Generated by org.testng.reporters.JUnitReportReporter -->
<testsuite hostname="BRIMACLAP028.local" name="testcases.tc_001" tests="1" failures="0" timestamp="15 Oct 2018 14:55:50 GMT" time="33.947" errors="0">
  <testcase name="testcase1" time="33.947" classname="testcases.tc_001"/>
</testsuite> <!-- testcases.tc_001 -->
